<?xml version="1.0" encoding="UTF-8"?>
<!-- Generated by org.testng.reporters.JUnitXMLReporter -->
<testsuite ignored="0" hostname="jainish" failures="0" tests="4" name="Default test" time="68.04" errors="0" timestamp="2023-09-23T10:41:29 IST">
  <testcase classname="allModual.LoginPrallel" name="login" time="23.379"/>
  <testcase classname="allModual.LoginPrallel" name="login_invalid" time="16.474"/>
  <testcase classname="allModual.LoginPrallel" name="login_blank" time="16.198"/>
  <testcase classname="allModual.LoginPrallel" name="login_passonly" time="11.94"/>
</testsuite> <!-- Default test -->
