<?xml version="1.0" encoding="UTF-8"?>
<testng-results ignored="0" total="4" passed="4" failed="0" skipped="0">
  <reporter-output>
  </reporter-output>
  <suite started-at="2023-09-23T10:40:21 IST" name="Default suite" finished-at="2023-09-23T10:41:29 IST" duration-ms="68040">
    <groups>
    </groups>
    <test started-at="2023-09-23T10:40:21 IST" name="Default test" finished-at="2023-09-23T10:41:29 IST" duration-ms="68040">
      <class name="allModual.LoginPrallel">
        <test-method signature="login()[pri:0, instance:allModual.LoginPrallel@1ed4ae0f]" started-at="2023-09-23T10:40:21 IST" name="login" finished-at="2023-09-23T10:40:44 IST" duration-ms="23379" status="PASS">
          <reporter-output>
          </reporter-output>
        </test-method> <!-- login -->
        <test-method signature="login_invalid()[pri:1, instance:allModual.LoginPrallel@1ed4ae0f]" started-at="2023-09-23T10:40:44 IST" name="login_invalid" finished-at="2023-09-23T10:41:00 IST" duration-ms="16474" status="PASS">
          <reporter-output>
          </reporter-output>
        </test-method> <!-- login_invalid -->
        <test-method signature="login_blank()[pri:2, instance:allModual.LoginPrallel@1ed4ae0f]" started-at="2023-09-23T10:41:00 IST" name="login_blank" finished-at="2023-09-23T10:41:17 IST" duration-ms="16198" status="PASS">
          <reporter-output>
          </reporter-output>
        </test-method> <!-- login_blank -->
        <test-method signature="login_passonly()[pri:3, instance:allModual.LoginPrallel@1ed4ae0f]" started-at="2023-09-23T10:41:17 IST" name="login_passonly" finished-at="2023-09-23T10:41:29 IST" duration-ms="11940" status="PASS">
          <reporter-output>
          </reporter-output>
        </test-method> <!-- login_passonly -->
      </class> <!-- allModual.LoginPrallel -->
    </test> <!-- Default test -->
  </suite> <!-- Default suite -->
</testng-results>
